2025-10-30 10:27:55,323 | INFO | Loaded 503 symbols
2025-10-30 10:27:55,325 | INFO | Starting fetch → saving to C:\github\Bootcamp-Final-Project\python\sp500_finnhub_profiles.json
2025-10-30 10:27:55,329 | INFO | [1/503] Fetching MMM
2025-10-30 10:27:57,303 | INFO | [2/503] Fetching AOS
2025-10-30 10:27:59,007 | INFO | [3/503] Fetching ABT
2025-10-30 10:28:00,709 | INFO | [4/503] Fetching ABBV
2025-10-30 10:28:02,459 | INFO | [5/503] Fetching ACN
2025-10-30 10:28:04,365 | INFO | [6/503] Fetching ADBE
2025-10-30 10:28:06,146 | INFO | [7/503] Fetching AMD
2025-10-30 10:28:07,948 | INFO | [8/503] Fetching AES
2025-10-30 10:28:09,727 | INFO | [9/503] Fetching AFL
2025-10-30 10:28:11,532 | INFO | [10/503] Fetching A
2025-10-30 10:28:13,271 | INFO | [11/503] Fetching APD
2025-10-30 10:28:14,952 | INFO | [12/503] Fetching ABNB
2025-10-30 10:28:16,870 | INFO | [13/503] Fetching AKAM
2025-10-30 10:28:18,799 | INFO | [14/503] Fetching ALB
2025-10-30 10:28:20,650 | INFO | [15/503] Fetching ARE
2025-10-30 10:28:22,486 | INFO | [16/503] Fetching ALGN
2025-10-30 10:28:24,324 | INFO | [17/503] Fetching ALLE
2025-10-30 10:28:26,012 | INFO | [18/503] Fetching LNT
2025-10-30 10:28:27,908 | INFO | [19/503] Fetching ALL
2025-10-30 10:28:29,699 | INFO | [20/503] Fetching GOOGL
2025-10-30 10:28:31,478 | INFO | [21/503] Fetching GOOG
2025-10-30 10:28:33,236 | INFO | [22/503] Fetching MO
2025-10-30 10:28:35,025 | INFO | [23/503] Fetching AMZN
2025-10-30 10:28:36,766 | INFO | [24/503] Fetching AMCR
2025-10-30 10:28:38,568 | INFO | [25/503] Fetching AEE
2025-10-30 10:28:40,472 | INFO | [26/503] Fetching AEP
2025-10-30 10:28:42,242 | INFO | [27/503] Fetching AXP
2025-10-30 10:28:43,932 | INFO | [28/503] Fetching AIG
2025-10-30 10:28:45,727 | INFO | [29/503] Fetching AMT
2025-10-30 10:28:47,415 | INFO | [30/503] Fetching AWK
2025-10-30 10:28:49,218 | INFO | [31/503] Fetching AMP
2025-10-30 10:28:51,002 | INFO | [32/503] Fetching AME
2025-10-30 10:28:52,730 | INFO | [33/503] Fetching AMGN
2025-10-30 10:28:54,536 | INFO | [34/503] Fetching APH
2025-10-30 10:28:56,381 | INFO | [35/503] Fetching ADI
2025-10-30 10:28:58,168 | INFO | [36/503] Fetching AON
2025-10-30 10:28:59,908 | INFO | [37/503] Fetching APA
2025-10-30 10:29:01,754 | INFO | [38/503] Fetching APO
2025-10-30 10:29:03,651 | INFO | [39/503] Fetching AAPL
2025-10-30 10:29:05,501 | INFO | [40/503] Fetching AMAT
2025-10-30 10:29:07,278 | INFO | [41/503] Fetching APTV
2025-10-30 10:29:09,020 | INFO | [42/503] Fetching ACGL
2025-10-30 10:29:11,015 | INFO | [43/503] Fetching ADM
2025-10-30 10:29:12,880 | INFO | [44/503] Fetching ANET
2025-10-30 10:29:14,697 | INFO | [45/503] Fetching AJG
2025-10-30 10:29:16,444 | INFO | [46/503] Fetching AIZ
2025-10-30 10:29:18,294 | INFO | [47/503] Fetching T
2025-10-30 10:29:19,945 | INFO | [48/503] Fetching ATO
2025-10-30 10:29:21,776 | INFO | [49/503] Fetching ADSK
2025-10-30 10:29:23,616 | INFO | [50/503] Fetching ADP
2025-10-30 10:29:25,405 | INFO | [51/503] Fetching AZO
2025-10-30 10:29:27,197 | INFO | [52/503] Fetching AVB
2025-10-30 10:29:29,047 | INFO | [53/503] Fetching AVY
2025-10-30 10:29:30,783 | INFO | [54/503] Fetching AXON
2025-10-30 10:29:32,632 | INFO | [55/503] Fetching BKR
2025-10-30 10:29:34,444 | INFO | [56/503] Fetching BALL
2025-10-30 10:29:36,147 | INFO | [57/503] Fetching BAC
2025-10-30 10:29:37,948 | INFO | [58/503] Fetching BAX
2025-10-30 10:29:39,641 | INFO | [59/503] Fetching BDX
2025-10-30 10:29:41,482 | INFO | [60/503] Fetching BRK.B
2025-10-30 10:29:43,279 | INFO | [61/503] Fetching BBY
2025-10-30 10:29:45,129 | INFO | [62/503] Fetching TECH
2025-10-30 10:29:46,964 | INFO | [63/503] Fetching BIIB
2025-10-30 10:29:48,713 | INFO | [64/503] Fetching BLK
2025-10-30 10:29:50,427 | INFO | [65/503] Fetching BX
2025-10-30 10:29:52,164 | INFO | [66/503] Fetching XYZ
2025-10-30 10:29:53,867 | INFO | [67/503] Fetching BK
2025-10-30 10:29:55,823 | INFO | [68/503] Fetching BA
2025-10-30 10:29:57,562 | INFO | [69/503] Fetching BKNG
2025-10-30 10:29:59,381 | INFO | [70/503] Fetching BSX
2025-10-30 10:30:01,193 | INFO | [71/503] Fetching BMY
2025-10-30 10:30:02,883 | INFO | [72/503] Fetching AVGO
2025-10-30 10:30:04,582 | INFO | [73/503] Fetching BR
2025-10-30 10:30:06,262 | INFO | [74/503] Fetching BRO
2025-10-30 10:30:07,964 | INFO | [75/503] Fetching BF.B
2025-10-30 10:30:09,695 | INFO | [76/503] Fetching BLDR
2025-10-30 10:30:11,439 | INFO | [77/503] Fetching BG
2025-10-30 10:30:13,281 | INFO | [78/503] Fetching BXP
2025-10-30 10:30:15,026 | INFO | [79/503] Fetching CHRW
2025-10-30 10:30:16,767 | INFO | [80/503] Fetching CDNS
2025-10-30 10:30:18,714 | INFO | [81/503] Fetching CZR
2025-10-30 10:30:20,356 | INFO | [82/503] Fetching CPT
2025-10-30 10:30:22,056 | INFO | [83/503] Fetching CPB
2025-10-30 10:30:23,773 | INFO | [84/503] Fetching COF
2025-10-30 10:30:25,581 | INFO | [85/503] Fetching CAH
2025-10-30 10:30:27,326 | INFO | [86/503] Fetching KMX
2025-10-30 10:30:29,150 | INFO | [87/503] Fetching CCL
2025-10-30 10:30:30,997 | INFO | [88/503] Fetching CARR
2025-10-30 10:30:32,748 | INFO | [89/503] Fetching CAT
2025-10-30 10:30:34,466 | INFO | [90/503] Fetching CBOE
2025-10-30 10:30:36,328 | INFO | [91/503] Fetching CBRE
2025-10-30 10:30:38,054 | INFO | [92/503] Fetching CDW
2025-10-30 10:36:24,742 | INFO | [93/503] Fetching COR
2025-10-30 10:36:24,762 | ERROR | Error COR: HTTPSConnectionPool(host='finnhub.io', port=443): Max retries exceeded with url: /api/v1/stock/profile2?symbol=COR&token=d3rfce1r01qopgh8ajv0d3rfce1r01qopgh8ajvg (Caused by NameResolutionError("<urllib3.connection.HTTPSConnection object at 0x000002204BF07B10>: Failed to resolve 'finnhub.io' ([Errno 11001] getaddrinfo failed)"))
2025-10-30 10:36:25,863 | INFO | [94/503] Fetching CNC
2025-10-30 10:36:27,928 | INFO | [95/503] Fetching CNP
2025-10-30 10:36:29,593 | INFO | [96/503] Fetching CF
2025-10-30 10:36:31,493 | INFO | [97/503] Fetching CRL
2025-10-30 10:36:33,246 | INFO | [98/503] Fetching SCHW
2025-10-30 10:36:35,283 | INFO | [99/503] Fetching CHTR
2025-10-30 10:36:37,543 | INFO | [100/503] Fetching CVX
2025-10-30 10:36:39,630 | INFO | [101/503] Fetching CMG
2025-10-30 10:36:41,633 | INFO | [102/503] Fetching CB
2025-10-30 10:36:43,578 | INFO | [103/503] Fetching CHD
2025-10-30 10:36:45,477 | INFO | [104/503] Fetching CI
2025-10-30 10:36:47,328 | INFO | [105/503] Fetching CINF
2025-10-30 10:36:49,314 | INFO | [106/503] Fetching CTAS
2025-10-30 10:36:51,258 | INFO | [107/503] Fetching CSCO
2025-10-30 10:36:52,883 | INFO | [108/503] Fetching C
2025-10-30 10:36:54,638 | INFO | [109/503] Fetching CFG
2025-10-30 10:36:56,306 | INFO | [110/503] Fetching CLX
2025-10-30 10:36:58,175 | INFO | [111/503] Fetching CME
2025-10-30 10:37:00,167 | INFO | [112/503] Fetching CMS
2025-10-30 10:37:02,063 | INFO | [113/503] Fetching KO
2025-10-30 10:37:03,916 | INFO | [114/503] Fetching CTSH
2025-10-30 10:37:06,004 | INFO | [115/503] Fetching COIN
2025-10-30 10:37:07,846 | INFO | [116/503] Fetching CL
2025-10-30 10:37:09,793 | INFO | [117/503] Fetching CMCSA
2025-10-30 10:37:11,637 | INFO | [118/503] Fetching CAG
2025-10-30 10:37:13,537 | INFO | [119/503] Fetching COP
2025-10-30 10:37:15,311 | INFO | [120/503] Fetching ED
2025-10-30 10:37:17,166 | INFO | [121/503] Fetching STZ
2025-10-30 10:37:18,967 | INFO | [122/503] Fetching CEG
2025-10-30 10:46:05,128 | ERROR | Error CEG: ('Connection aborted.', ConnectionResetError(10054, '遠端主機已強制關閉一個現存的連線。', None, 10054, None))
2025-10-30 10:46:06,230 | INFO | [123/503] Fetching COO
2025-10-30 10:46:06,341 | ERROR | Error COO: HTTPSConnectionPool(host='finnhub.io', port=443): Max retries exceeded with url: /api/v1/stock/profile2?symbol=COO&token=d3rfce1r01qopgh8ajv0d3rfce1r01qopgh8ajvg (Caused by NameResolutionError("<urllib3.connection.HTTPSConnection object at 0x0000022066A2CB90>: Failed to resolve 'finnhub.io' ([Errno 11001] getaddrinfo failed)"))
2025-10-30 10:46:07,442 | INFO | [124/503] Fetching CPRT
2025-10-30 10:46:19,813 | ERROR | Error CPRT: HTTPSConnectionPool(host='finnhub.io', port=443): Read timed out. (read timeout=12)
2025-10-30 10:46:20,915 | INFO | [125/503] Fetching GLW
2025-10-30 10:46:23,016 | INFO | [126/503] Fetching CPAY
2025-10-30 10:46:24,707 | INFO | [127/503] Fetching CTVA
2025-10-30 10:46:26,495 | INFO | [128/503] Fetching CSGP
2025-10-30 10:46:28,187 | INFO | [129/503] Fetching COST
2025-10-30 10:46:29,992 | INFO | [130/503] Fetching CTRA
2025-10-30 10:46:31,723 | INFO | [131/503] Fetching CRWD
2025-10-30 10:46:33,575 | INFO | [132/503] Fetching CCI
2025-10-30 10:46:35,525 | INFO | [133/503] Fetching CSX
2025-10-30 10:46:37,255 | INFO | [134/503] Fetching CMI
2025-10-30 10:46:38,924 | INFO | [135/503] Fetching CVS
2025-10-30 10:46:40,750 | INFO | [136/503] Fetching DHR
2025-10-30 10:46:42,682 | INFO | [137/503] Fetching DRI
2025-10-30 10:46:44,415 | INFO | [138/503] Fetching DDOG
2025-10-30 10:46:46,110 | INFO | [139/503] Fetching DVA
2025-10-30 10:46:47,749 | INFO | [140/503] Fetching DAY
2025-10-30 10:46:49,545 | INFO | [141/503] Fetching DECK
2025-10-30 10:46:51,394 | INFO | [142/503] Fetching DE
2025-10-30 10:46:53,109 | INFO | [143/503] Fetching DELL
2025-10-30 10:46:54,781 | INFO | [144/503] Fetching DAL
2025-10-30 10:46:56,604 | INFO | [145/503] Fetching DVN
2025-10-30 10:46:58,396 | INFO | [146/503] Fetching DXCM
2025-10-30 10:47:00,141 | INFO | [147/503] Fetching FANG
2025-10-30 10:47:01,938 | INFO | [148/503] Fetching DLR
2025-10-30 10:47:03,771 | INFO | [149/503] Fetching DG
2025-10-30 10:47:05,563 | INFO | [150/503] Fetching DLTR
2025-10-30 10:47:07,355 | INFO | [151/503] Fetching D
2025-10-30 10:47:09,111 | INFO | [152/503] Fetching DPZ
2025-10-30 10:47:10,805 | INFO | [153/503] Fetching DASH
2025-10-30 10:47:12,579 | INFO | [154/503] Fetching DOV
2025-10-30 10:47:14,296 | INFO | [155/503] Fetching DOW
2025-10-30 10:47:16,107 | INFO | [156/503] Fetching DHI
2025-10-30 10:47:17,879 | INFO | [157/503] Fetching DTE
2025-10-30 10:47:19,610 | INFO | [158/503] Fetching DUK
2025-10-30 10:47:21,325 | INFO | [159/503] Fetching DD
2025-10-30 10:47:23,065 | INFO | [160/503] Fetching EMN
2025-10-30 10:47:24,790 | INFO | [161/503] Fetching ETN
2025-10-30 10:47:26,604 | INFO | [162/503] Fetching EBAY
2025-10-30 10:47:28,355 | INFO | [163/503] Fetching ECL
2025-10-30 10:47:30,092 | INFO | [164/503] Fetching EIX
2025-10-30 10:47:32,163 | INFO | [165/503] Fetching EW
2025-10-30 10:47:33,864 | INFO | [166/503] Fetching EA
2025-10-30 10:47:35,576 | INFO | [167/503] Fetching ELV
2025-10-30 10:47:37,250 | INFO | [168/503] Fetching EMR
2025-10-30 10:47:38,967 | INFO | [169/503] Fetching ENPH
2025-10-30 10:47:40,687 | INFO | [170/503] Fetching ETR
2025-10-30 10:47:42,383 | INFO | [171/503] Fetching EOG
2025-10-30 10:47:44,169 | INFO | [172/503] Fetching EPAM
2025-10-30 10:47:45,967 | INFO | [173/503] Fetching EQT
2025-10-30 10:47:47,701 | INFO | [174/503] Fetching EFX
2025-10-30 10:47:49,390 | INFO | [175/503] Fetching EQIX
2025-10-30 10:47:51,101 | INFO | [176/503] Fetching EQR
2025-10-30 10:47:52,823 | INFO | [177/503] Fetching ERIE
2025-10-30 10:47:54,522 | INFO | [178/503] Fetching ESS
2025-10-30 10:47:56,313 | INFO | [179/503] Fetching EL
2025-10-30 10:47:58,144 | INFO | [180/503] Fetching EG
2025-10-30 10:47:59,943 | INFO | [181/503] Fetching EVRG
2025-10-30 10:48:01,597 | INFO | [182/503] Fetching ES
2025-10-30 10:48:03,377 | INFO | [183/503] Fetching EXC
2025-10-30 10:48:05,213 | INFO | [184/503] Fetching EXE
2025-10-30 10:48:06,894 | INFO | [185/503] Fetching EXPE
2025-10-30 10:48:08,712 | INFO | [186/503] Fetching EXPD
2025-10-30 10:48:10,484 | INFO | [187/503] Fetching EXR
2025-10-30 10:48:12,181 | INFO | [188/503] Fetching XOM
2025-10-30 10:48:14,026 | INFO | [189/503] Fetching FFIV
2025-10-30 10:48:15,709 | INFO | [190/503] Fetching FDS
2025-10-30 10:48:17,500 | INFO | [191/503] Fetching FICO
2025-10-30 10:48:19,244 | INFO | [192/503] Fetching FAST
2025-10-30 10:48:20,980 | INFO | [193/503] Fetching FRT
2025-10-30 10:48:22,732 | INFO | [194/503] Fetching FDX
2025-10-30 10:51:07,557 | INFO | [195/503] Fetching FIS
2025-10-30 10:51:07,591 | ERROR | Error FIS: HTTPSConnectionPool(host='finnhub.io', port=443): Max retries exceeded with url: /api/v1/stock/profile2?symbol=FIS&token=d3rfce1r01qopgh8ajv0d3rfce1r01qopgh8ajvg (Caused by NameResolutionError("<urllib3.connection.HTTPSConnection object at 0x000002204C251450>: Failed to resolve 'finnhub.io' ([Errno 11001] getaddrinfo failed)"))
2025-10-30 10:51:08,695 | INFO | [196/503] Fetching FITB
2025-10-30 10:51:08,698 | ERROR | Error FITB: HTTPSConnectionPool(host='finnhub.io', port=443): Max retries exceeded with url: /api/v1/stock/profile2?symbol=FITB&token=d3rfce1r01qopgh8ajv0d3rfce1r01qopgh8ajvg (Caused by NameResolutionError("<urllib3.connection.HTTPSConnection object at 0x0000022066A2C550>: Failed to resolve 'finnhub.io' ([Errno 11001] getaddrinfo failed)"))
2025-10-30 10:51:09,800 | INFO | [197/503] Fetching FSLR
2025-10-30 10:51:11,686 | INFO | [198/503] Fetching FE
2025-10-30 10:51:13,411 | INFO | [199/503] Fetching FI
2025-10-30 10:51:15,076 | INFO | [200/503] Fetching F
2025-10-30 10:51:16,809 | INFO | [201/503] Fetching FTNT
2025-10-30 10:51:18,563 | INFO | [202/503] Fetching FTV
2025-10-30 10:51:20,340 | INFO | [203/503] Fetching FOXA
2025-10-30 10:51:22,080 | INFO | [204/503] Fetching FOX
2025-10-30 10:51:23,797 | INFO | [205/503] Fetching BEN
2025-10-30 10:51:25,611 | INFO | [206/503] Fetching FCX
2025-10-30 10:51:27,461 | INFO | [207/503] Fetching GRMN
2025-10-30 10:51:29,205 | INFO | [208/503] Fetching IT
2025-10-30 10:51:30,884 | INFO | [209/503] Fetching GE
2025-10-30 10:51:32,683 | INFO | [210/503] Fetching GEHC
2025-10-30 10:51:34,417 | INFO | [211/503] Fetching GEV
2025-10-30 10:51:36,162 | INFO | [212/503] Fetching GEN
2025-10-30 10:51:37,908 | INFO | [213/503] Fetching GNRC
2025-10-30 10:51:39,616 | INFO | [214/503] Fetching GD
2025-10-30 10:51:41,329 | INFO | [215/503] Fetching GIS
2025-10-30 10:55:30,870 | ERROR | Error GIS: ('Connection aborted.', ConnectionResetError(10054, '遠端主機已強制關閉一個現存的連線。', None, 10054, None))
2025-10-30 10:55:31,979 | INFO | [216/503] Fetching GM
2025-10-30 10:55:33,770 | INFO | [217/503] Fetching GPC
2025-10-30 10:55:35,451 | INFO | [218/503] Fetching GILD
2025-10-30 10:55:37,164 | INFO | [219/503] Fetching GPN
2025-10-30 10:55:38,963 | INFO | [220/503] Fetching GL
2025-10-30 10:55:40,659 | INFO | [221/503] Fetching GDDY
2025-10-30 10:55:42,367 | INFO | [222/503] Fetching GS
2025-10-30 10:55:45,046 | INFO | [223/503] Fetching HAL
2025-10-30 10:55:46,711 | INFO | [224/503] Fetching HIG
2025-10-30 10:55:48,470 | INFO | [225/503] Fetching HAS
2025-10-30 10:55:50,269 | INFO | [226/503] Fetching HCA
2025-10-30 10:55:51,973 | INFO | [227/503] Fetching DOC
2025-10-30 11:01:57,726 | INFO | [228/503] Fetching HSIC
2025-10-30 11:01:57,736 | ERROR | Error HSIC: HTTPSConnectionPool(host='finnhub.io', port=443): Max retries exceeded with url: /api/v1/stock/profile2?symbol=HSIC&token=d3rfce1r01qopgh8ajv0d3rfce1r01qopgh8ajvg (Caused by NameResolutionError("<urllib3.connection.HTTPSConnection object at 0x0000022066A2C2D0>: Failed to resolve 'finnhub.io' ([Errno 11001] getaddrinfo failed)"))
2025-10-30 11:01:58,838 | INFO | [229/503] Fetching HSY
2025-10-30 11:02:00,900 | INFO | [230/503] Fetching HPE
2025-10-30 11:02:02,801 | INFO | [231/503] Fetching HLT
2025-10-30 11:02:04,546 | INFO | [232/503] Fetching HOLX
2025-10-30 11:02:06,290 | INFO | [233/503] Fetching HD
2025-10-30 11:02:08,019 | INFO | [234/503] Fetching HON
2025-10-30 11:02:09,933 | INFO | [235/503] Fetching HRL
2025-10-30 11:02:11,730 | INFO | [236/503] Fetching HST
2025-10-30 11:11:57,015 | ERROR | Error HST: ('Connection aborted.', ConnectionResetError(10054, '遠端主機已強制關閉一個現存的連線。', None, 10054, None))
2025-10-30 11:11:58,116 | INFO | [237/503] Fetching HWM
2025-10-30 11:12:00,057 | INFO | [238/503] Fetching HPQ
2025-10-30 11:12:01,782 | INFO | [239/503] Fetching HUBB
2025-10-30 11:12:03,533 | INFO | [240/503] Fetching HUM
2025-10-30 11:12:05,377 | INFO | [241/503] Fetching HBAN
2025-10-30 11:12:07,233 | INFO | [242/503] Fetching HII
2025-10-30 11:12:09,185 | INFO | [243/503] Fetching IBM
2025-10-30 11:12:10,930 | INFO | [244/503] Fetching IEX
2025-10-30 11:12:12,757 | INFO | [245/503] Fetching IDXX
2025-10-30 11:12:14,601 | INFO | [246/503] Fetching ITW
2025-10-30 11:12:16,346 | INFO | [247/503] Fetching INCY
2025-10-30 11:12:18,206 | INFO | [248/503] Fetching IR
2025-10-30 11:12:19,890 | INFO | [249/503] Fetching PODD
2025-10-30 11:12:21,589 | INFO | [250/503] Fetching INTC
2025-10-30 11:12:23,407 | INFO | [251/503] Fetching ICE
2025-10-30 11:17:15,547 | ERROR | Error ICE: ('Connection aborted.', ConnectionResetError(10054, '遠端主機已強制關閉一個現存的連線。', None, 10054, None))
2025-10-30 11:17:16,648 | INFO | [252/503] Fetching IFF
2025-10-30 11:17:18,436 | INFO | [253/503] Fetching IP
2025-10-30 11:17:20,139 | INFO | [254/503] Fetching IPG
2025-10-30 11:17:21,870 | INFO | [255/503] Fetching INTU
2025-10-30 11:17:23,576 | INFO | [256/503] Fetching ISRG
2025-10-30 11:17:25,394 | INFO | [257/503] Fetching IVZ
2025-10-30 11:20:40,363 | INFO | [258/503] Fetching INVH
2025-10-30 11:20:40,383 | ERROR | Error INVH: HTTPSConnectionPool(host='finnhub.io', port=443): Max retries exceeded with url: /api/v1/stock/profile2?symbol=INVH&token=d3rfce1r01qopgh8ajv0d3rfce1r01qopgh8ajvg (Caused by NameResolutionError("<urllib3.connection.HTTPSConnection object at 0x0000022066A2D810>: Failed to resolve 'finnhub.io' ([Errno 11001] getaddrinfo failed)"))
2025-10-30 11:20:41,484 | INFO | [259/503] Fetching IQV
2025-10-30 11:20:43,469 | INFO | [260/503] Fetching IRM
2025-10-30 11:20:45,176 | INFO | [261/503] Fetching JBHT
2025-10-30 11:20:47,104 | INFO | [262/503] Fetching JBL
2025-10-30 11:20:49,012 | INFO | [263/503] Fetching JKHY
2025-10-30 11:20:50,753 | INFO | [264/503] Fetching J
2025-10-30 11:20:52,707 | INFO | [265/503] Fetching JNJ
2025-10-30 11:21:04,166 | INFO | [266/503] Fetching JCI
2025-10-30 11:21:04,206 | ERROR | Error JCI: HTTPSConnectionPool(host='finnhub.io', port=443): Max retries exceeded with url: /api/v1/stock/profile2?symbol=JCI&token=d3rfce1r01qopgh8ajv0d3rfce1r01qopgh8ajvg (Caused by NameResolutionError("<urllib3.connection.HTTPSConnection object at 0x0000022066A2DBD0>: Failed to resolve 'finnhub.io' ([Errno 11001] getaddrinfo failed)"))
2025-10-30 11:21:05,635 | INFO | [267/503] Fetching JPM
2025-10-30 11:21:05,638 | ERROR | Error JPM: HTTPSConnectionPool(host='finnhub.io', port=443): Max retries exceeded with url: /api/v1/stock/profile2?symbol=JPM&token=d3rfce1r01qopgh8ajv0d3rfce1r01qopgh8ajvg (Caused by NameResolutionError("<urllib3.connection.HTTPSConnection object at 0x0000022066A2DE50>: Failed to resolve 'finnhub.io' ([Errno 11001] getaddrinfo failed)"))
2025-10-30 11:21:06,739 | INFO | [268/503] Fetching K
2025-10-30 11:21:06,742 | ERROR | Error K: HTTPSConnectionPool(host='finnhub.io', port=443): Max retries exceeded with url: /api/v1/stock/profile2?symbol=K&token=d3rfce1r01qopgh8ajv0d3rfce1r01qopgh8ajvg (Caused by NameResolutionError("<urllib3.connection.HTTPSConnection object at 0x0000022066A2E210>: Failed to resolve 'finnhub.io' ([Errno 11001] getaddrinfo failed)"))
2025-10-30 11:21:07,843 | INFO | [269/503] Fetching KVUE
2025-10-30 11:21:07,846 | ERROR | Error KVUE: HTTPSConnectionPool(host='finnhub.io', port=443): Max retries exceeded with url: /api/v1/stock/profile2?symbol=KVUE&token=d3rfce1r01qopgh8ajv0d3rfce1r01qopgh8ajvg (Caused by NameResolutionError("<urllib3.connection.HTTPSConnection object at 0x0000022066A2E5D0>: Failed to resolve 'finnhub.io' ([Errno 11001] getaddrinfo failed)"))
2025-10-30 11:21:08,951 | INFO | [270/503] Fetching KDP
2025-10-30 11:21:08,954 | ERROR | Error KDP: HTTPSConnectionPool(host='finnhub.io', port=443): Max retries exceeded with url: /api/v1/stock/profile2?symbol=KDP&token=d3rfce1r01qopgh8ajv0d3rfce1r01qopgh8ajvg (Caused by NameResolutionError("<urllib3.connection.HTTPSConnection object at 0x000002204C251450>: Failed to resolve 'finnhub.io' ([Errno 11001] getaddrinfo failed)"))
2025-10-30 11:27:07,056 | INFO | [271/503] Fetching KEY
2025-10-30 11:27:07,076 | ERROR | Error KEY: HTTPSConnectionPool(host='finnhub.io', port=443): Max retries exceeded with url: /api/v1/stock/profile2?symbol=KEY&token=d3rfce1r01qopgh8ajv0d3rfce1r01qopgh8ajvg (Caused by NameResolutionError("<urllib3.connection.HTTPSConnection object at 0x000002204BF07B10>: Failed to resolve 'finnhub.io' ([Errno 11001] getaddrinfo failed)"))
2025-10-30 11:27:08,178 | INFO | [272/503] Fetching KEYS
2025-10-30 11:27:08,180 | ERROR | Error KEYS: HTTPSConnectionPool(host='finnhub.io', port=443): Max retries exceeded with url: /api/v1/stock/profile2?symbol=KEYS&token=d3rfce1r01qopgh8ajv0d3rfce1r01qopgh8ajvg (Caused by NameResolutionError("<urllib3.connection.HTTPSConnection object at 0x0000022066A2E490>: Failed to resolve 'finnhub.io' ([Errno 11001] getaddrinfo failed)"))
2025-10-30 11:27:09,281 | INFO | [273/503] Fetching KMB
2025-10-30 11:27:11,087 | INFO | [274/503] Fetching KIM
2025-10-30 11:27:12,727 | INFO | [275/503] Fetching KMI
2025-10-30 11:27:14,683 | INFO | [276/503] Fetching KKR
2025-10-30 11:27:16,547 | INFO | [277/503] Fetching KLAC
2025-10-30 11:27:18,448 | INFO | [278/503] Fetching KHC
2025-10-30 11:27:20,376 | INFO | [279/503] Fetching KR
2025-10-30 11:27:22,265 | INFO | [280/503] Fetching LHX
2025-10-30 11:27:23,930 | INFO | [281/503] Fetching LH
2025-10-30 11:27:25,845 | INFO | [282/503] Fetching LRCX
2025-10-30 11:27:27,791 | INFO | [283/503] Fetching LW
2025-10-30 11:27:29,682 | INFO | [284/503] Fetching LVS
2025-10-30 11:27:31,580 | INFO | [285/503] Fetching LDOS
2025-10-30 11:27:33,321 | INFO | [286/503] Fetching LEN
2025-10-30 11:27:35,264 | INFO | [287/503] Fetching LII
2025-10-30 11:27:37,416 | INFO | [288/503] Fetching LLY
2025-10-30 11:27:39,467 | INFO | [289/503] Fetching LIN
2025-10-30 11:27:41,341 | INFO | [290/503] Fetching LYV
2025-10-30 11:27:43,253 | INFO | [291/503] Fetching LKQ
2025-10-30 11:27:44,903 | INFO | [292/503] Fetching LMT
2025-10-30 11:27:46,801 | INFO | [293/503] Fetching L
2025-10-30 11:27:48,681 | INFO | [294/503] Fetching LOW
2025-10-30 11:27:50,422 | INFO | [295/503] Fetching LULU
2025-10-30 11:27:52,368 | INFO | [296/503] Fetching LYB
2025-10-30 11:27:54,279 | INFO | [297/503] Fetching MTB
2025-10-30 11:27:56,260 | INFO | [298/503] Fetching MPC
2025-10-30 11:27:58,305 | INFO | [299/503] Fetching MKTX
2025-10-30 11:28:00,252 | INFO | [300/503] Fetching MAR
2025-10-30 11:28:02,136 | INFO | [301/503] Fetching MMC
2025-10-30 11:28:04,049 | INFO | [302/503] Fetching MLM
2025-10-30 11:28:05,918 | INFO | [303/503] Fetching MAS
2025-10-30 11:28:07,691 | INFO | [304/503] Fetching MA
2025-10-30 11:28:09,538 | INFO | [305/503] Fetching MTCH
2025-10-30 11:28:11,377 | INFO | [306/503] Fetching MKC
2025-10-30 11:28:13,122 | INFO | [307/503] Fetching MCD
2025-10-30 11:28:14,956 | INFO | [308/503] Fetching MCK
2025-10-30 11:28:17,047 | INFO | [309/503] Fetching MDT
2025-10-30 11:28:18,946 | INFO | [310/503] Fetching MRK
2025-10-30 11:28:20,694 | INFO | [311/503] Fetching META
2025-10-30 11:28:22,439 | INFO | [312/503] Fetching MET
2025-10-30 11:28:24,281 | INFO | [313/503] Fetching MTD
2025-10-30 11:28:26,127 | INFO | [314/503] Fetching MGM
2025-10-30 11:28:27,961 | INFO | [315/503] Fetching MCHP
2025-10-30 11:28:29,747 | INFO | [316/503] Fetching MU
2025-10-30 11:28:31,474 | INFO | [317/503] Fetching MSFT
2025-10-30 11:28:33,228 | INFO | [318/503] Fetching MAA
2025-10-30 11:28:34,952 | INFO | [319/503] Fetching MRNA
2025-10-30 11:28:36,759 | INFO | [320/503] Fetching MHK
2025-10-30 11:28:38,450 | INFO | [321/503] Fetching MOH
2025-10-30 11:28:40,130 | INFO | [322/503] Fetching TAP
2025-10-30 11:28:41,828 | INFO | [323/503] Fetching MDLZ
2025-10-30 11:28:43,589 | INFO | [324/503] Fetching MPWR
2025-10-30 11:28:45,362 | INFO | [325/503] Fetching MNST
2025-10-30 11:28:47,113 | INFO | [326/503] Fetching MCO
2025-10-30 11:28:49,050 | INFO | [327/503] Fetching MS
2025-10-30 11:28:50,766 | INFO | [328/503] Fetching MOS
2025-10-30 11:28:52,478 | INFO | [329/503] Fetching MSI
2025-10-30 11:28:54,120 | INFO | [330/503] Fetching MSCI
2025-10-30 11:28:55,858 | INFO | [331/503] Fetching NDAQ
2025-10-30 11:28:57,580 | INFO | [332/503] Fetching NTAP
2025-10-30 11:28:59,247 | INFO | [333/503] Fetching NFLX
2025-10-30 11:29:00,946 | INFO | [334/503] Fetching NEM
2025-10-30 11:29:02,728 | INFO | [335/503] Fetching NWSA
2025-10-30 11:29:04,520 | INFO | [336/503] Fetching NWS
2025-10-30 11:29:06,302 | INFO | [337/503] Fetching NEE
2025-10-30 11:29:08,026 | INFO | [338/503] Fetching NKE
2025-10-30 11:29:09,835 | INFO | [339/503] Fetching NI
2025-10-30 11:29:11,626 | INFO | [340/503] Fetching NDSN
2025-10-30 11:29:13,352 | INFO | [341/503] Fetching NSC
2025-10-30 11:29:15,281 | INFO | [342/503] Fetching NTRS
2025-10-30 11:29:17,032 | INFO | [343/503] Fetching NOC
2025-10-30 11:29:18,954 | INFO | [344/503] Fetching NCLH
2025-10-30 11:29:20,654 | INFO | [345/503] Fetching NRG
2025-10-30 11:29:22,530 | INFO | [346/503] Fetching NUE
2025-10-30 11:29:24,353 | INFO | [347/503] Fetching NVDA
2025-10-30 11:29:26,238 | INFO | [348/503] Fetching NVR
2025-10-30 11:29:28,016 | INFO | [349/503] Fetching NXPI
2025-10-30 11:29:29,820 | INFO | [350/503] Fetching ORLY
2025-10-30 11:29:31,619 | INFO | [351/503] Fetching OXY
2025-10-30 11:29:33,396 | INFO | [352/503] Fetching ODFL
2025-10-30 11:29:36,255 | INFO | [353/503] Fetching OMC
2025-10-30 11:29:38,026 | INFO | [354/503] Fetching ON
2025-10-30 11:29:39,746 | INFO | [355/503] Fetching OKE
2025-10-30 11:29:41,506 | INFO | [356/503] Fetching ORCL
2025-10-30 11:29:43,322 | INFO | [357/503] Fetching OTIS
2025-10-30 11:29:44,993 | INFO | [358/503] Fetching PCAR
2025-10-30 11:29:46,752 | INFO | [359/503] Fetching PKG
2025-10-30 11:29:48,654 | INFO | [360/503] Fetching PLTR
2025-10-30 11:29:50,490 | INFO | [361/503] Fetching PANW
2025-10-30 11:29:52,350 | INFO | [362/503] Fetching PSKY
2025-10-30 11:29:54,149 | INFO | [363/503] Fetching PH
2025-10-30 11:29:55,967 | INFO | [364/503] Fetching PAYX
2025-10-30 11:29:57,727 | INFO | [365/503] Fetching PAYC
2025-10-30 11:29:59,511 | INFO | [366/503] Fetching PYPL
2025-10-30 11:30:01,248 | INFO | [367/503] Fetching PNR
2025-10-30 11:30:03,089 | INFO | [368/503] Fetching PEP
2025-10-30 11:30:04,951 | INFO | [369/503] Fetching PFE
2025-10-30 11:30:06,770 | INFO | [370/503] Fetching PCG
2025-10-30 11:30:08,451 | INFO | [371/503] Fetching PM
2025-10-30 11:30:10,218 | INFO | [372/503] Fetching PSX
2025-10-30 11:30:12,003 | INFO | [373/503] Fetching PNW
2025-10-30 11:30:13,708 | INFO | [374/503] Fetching PNC
2025-10-30 11:30:15,506 | INFO | [375/503] Fetching POOL
2025-10-30 11:30:17,337 | INFO | [376/503] Fetching PPG
2025-10-30 11:30:19,209 | INFO | [377/503] Fetching PPL
2025-10-30 11:30:20,955 | INFO | [378/503] Fetching PFG
2025-10-30 11:30:22,750 | INFO | [379/503] Fetching PG
2025-10-30 11:30:24,604 | INFO | [380/503] Fetching PGR
2025-10-30 11:30:26,375 | INFO | [381/503] Fetching PLD
2025-10-30 11:30:30,993 | INFO | [382/503] Fetching PRU
2025-10-30 11:30:33,390 | INFO | [383/503] Fetching PEG
2025-10-30 11:30:35,331 | INFO | [384/503] Fetching PTC
2025-10-30 11:30:42,606 | ERROR | Error PTC: ('Connection aborted.', ConnectionResetError(10054, '遠端主機已強制關閉一個現存的連線。', None, 10054, None))
2025-10-30 11:30:43,708 | INFO | [385/503] Fetching PSA
2025-10-30 11:30:45,531 | INFO | [386/503] Fetching PHM
2025-10-30 11:30:47,454 | INFO | [387/503] Fetching PWR
2025-10-30 11:30:49,276 | INFO | [388/503] Fetching QCOM
2025-10-30 11:30:51,195 | INFO | [389/503] Fetching DGX
2025-10-30 11:30:53,068 | INFO | [390/503] Fetching RL
2025-10-30 11:30:54,958 | INFO | [391/503] Fetching RJF
2025-10-30 11:30:56,799 | INFO | [392/503] Fetching RTX
2025-10-30 11:30:58,653 | INFO | [393/503] Fetching O
2025-10-30 11:31:00,388 | INFO | [394/503] Fetching REG
2025-10-30 11:31:02,087 | INFO | [395/503] Fetching REGN
2025-10-30 11:31:03,887 | INFO | [396/503] Fetching RF
2025-10-30 11:31:05,617 | INFO | [397/503] Fetching RSG
2025-10-30 11:31:07,321 | INFO | [398/503] Fetching RMD
2025-10-30 11:31:09,019 | INFO | [399/503] Fetching RVTY
2025-10-30 11:31:10,784 | INFO | [400/503] Fetching ROK
2025-10-30 11:31:12,512 | INFO | [401/503] Fetching ROL
2025-10-30 11:31:14,325 | INFO | [402/503] Fetching ROP
2025-10-30 11:31:16,178 | INFO | [403/503] Fetching ROST
2025-10-30 11:31:17,871 | INFO | [404/503] Fetching RCL
2025-10-30 11:31:19,683 | INFO | [405/503] Fetching SPGI
2025-10-30 11:31:21,348 | INFO | [406/503] Fetching CRM
2025-10-30 11:31:23,119 | INFO | [407/503] Fetching SBAC
2025-10-30 11:31:24,818 | INFO | [408/503] Fetching SLB
2025-10-30 11:31:26,614 | INFO | [409/503] Fetching STX
2025-10-30 11:31:28,360 | INFO | [410/503] Fetching SRE
2025-10-30 11:31:30,208 | INFO | [411/503] Fetching NOW
2025-10-30 11:31:31,983 | INFO | [412/503] Fetching SHW
2025-10-30 11:31:33,730 | INFO | [413/503] Fetching SPG
2025-10-30 11:31:35,471 | INFO | [414/503] Fetching SWKS
2025-10-30 11:31:37,197 | INFO | [415/503] Fetching SJM
2025-10-30 11:31:38,999 | INFO | [416/503] Fetching SW
2025-10-30 11:31:40,752 | INFO | [417/503] Fetching SNA
2025-10-30 11:31:42,460 | INFO | [418/503] Fetching SOLV
2025-10-30 11:31:44,182 | INFO | [419/503] Fetching SO
2025-10-30 11:31:45,910 | INFO | [420/503] Fetching LUV
2025-10-30 11:31:47,598 | INFO | [421/503] Fetching SWK
2025-10-30 11:31:49,397 | INFO | [422/503] Fetching SBUX
2025-10-30 11:31:51,183 | INFO | [423/503] Fetching STT
2025-10-30 11:31:52,943 | INFO | [424/503] Fetching STLD
2025-10-30 11:31:54,791 | INFO | [425/503] Fetching STE
2025-10-30 11:31:56,516 | INFO | [426/503] Fetching SYK
2025-10-30 11:31:58,368 | INFO | [427/503] Fetching SMCI
2025-10-30 11:32:00,202 | INFO | [428/503] Fetching SYF
2025-10-30 11:32:02,055 | INFO | [429/503] Fetching SNPS
2025-10-30 11:32:03,818 | INFO | [430/503] Fetching SYY
2025-10-30 11:32:05,622 | INFO | [431/503] Fetching TMUS
2025-10-30 11:32:07,476 | INFO | [432/503] Fetching TROW
2025-10-30 11:32:09,265 | INFO | [433/503] Fetching TTWO
2025-10-30 11:32:10,990 | INFO | [434/503] Fetching TPR
2025-10-30 11:32:12,733 | INFO | [435/503] Fetching TRGP
2025-10-30 11:32:14,547 | INFO | [436/503] Fetching TGT
2025-10-30 11:32:16,361 | INFO | [437/503] Fetching TEL
2025-10-30 11:32:18,243 | INFO | [438/503] Fetching TDY
2025-10-30 11:32:19,984 | INFO | [439/503] Fetching TER
2025-10-30 11:32:21,811 | INFO | [440/503] Fetching TSLA
2025-10-30 11:32:23,553 | INFO | [441/503] Fetching TXN
2025-10-30 11:32:25,341 | INFO | [442/503] Fetching TPL
2025-10-30 11:32:27,127 | INFO | [443/503] Fetching TXT
2025-10-30 11:32:28,973 | INFO | [444/503] Fetching TMO
2025-10-30 11:32:30,692 | INFO | [445/503] Fetching TJX
2025-10-30 11:32:32,471 | INFO | [446/503] Fetching TKO
2025-10-30 11:32:34,112 | INFO | [447/503] Fetching TTD
2025-10-30 11:32:35,885 | INFO | [448/503] Fetching TSCO
2025-10-30 11:32:37,625 | INFO | [449/503] Fetching TT
2025-10-30 11:32:39,436 | INFO | [450/503] Fetching TDG
2025-10-30 11:32:41,135 | INFO | [451/503] Fetching TRV
2025-10-30 11:32:42,910 | INFO | [452/503] Fetching TRMB
2025-10-30 11:32:44,760 | INFO | [453/503] Fetching TFC
2025-10-30 11:32:46,495 | INFO | [454/503] Fetching TYL
2025-10-30 11:32:48,231 | INFO | [455/503] Fetching TSN
2025-10-30 11:32:50,050 | INFO | [456/503] Fetching USB
2025-10-30 11:32:51,812 | INFO | [457/503] Fetching UBER
2025-10-30 11:32:53,533 | INFO | [458/503] Fetching UDR
2025-10-30 11:32:55,305 | INFO | [459/503] Fetching ULTA
2025-10-30 11:32:57,150 | INFO | [460/503] Fetching UNP
2025-10-30 11:32:58,926 | INFO | [461/503] Fetching UAL
2025-10-30 11:33:00,665 | INFO | [462/503] Fetching UPS
2025-10-30 11:33:02,392 | INFO | [463/503] Fetching URI
2025-10-30 11:33:04,214 | INFO | [464/503] Fetching UNH
2025-10-30 11:33:05,997 | INFO | [465/503] Fetching UHS
2025-10-30 11:33:07,705 | INFO | [466/503] Fetching VLO
2025-10-30 11:33:09,525 | INFO | [467/503] Fetching VTR
2025-10-30 11:33:11,233 | INFO | [468/503] Fetching VLTO
2025-10-30 11:33:12,958 | INFO | [469/503] Fetching VRSN
2025-10-30 11:33:14,691 | INFO | [470/503] Fetching VRSK
2025-10-30 11:33:16,409 | INFO | [471/503] Fetching VZ
2025-10-30 11:33:18,057 | INFO | [472/503] Fetching VRTX
2025-10-30 11:33:19,865 | INFO | [473/503] Fetching VTRS
2025-10-30 11:33:31,556 | ERROR | Error VTRS: ("Connection broken: ConnectionResetError(10054, '遠端主機已強制關閉一個現存的連線。', None, 10054, None)", ConnectionResetError(10054, '遠端主機已強制關閉一個現存的連線。', None, 10054, None))
2025-10-30 11:33:32,657 | INFO | [474/503] Fetching VICI
2025-10-30 11:33:34,512 | INFO | [475/503] Fetching V
2025-10-30 11:33:36,247 | INFO | [476/503] Fetching VST
2025-10-30 11:33:38,105 | INFO | [477/503] Fetching VMC
2025-10-30 11:33:39,936 | INFO | [478/503] Fetching WRB
2025-10-30 11:33:41,793 | INFO | [479/503] Fetching GWW
2025-10-30 11:33:43,510 | INFO | [480/503] Fetching WAB
2025-10-30 11:33:45,267 | INFO | [481/503] Fetching WBA
2025-10-30 11:33:47,005 | INFO | [482/503] Fetching WMT
2025-10-30 11:33:48,743 | INFO | [483/503] Fetching DIS
2025-10-30 11:33:50,596 | INFO | [484/503] Fetching WBD
2025-10-30 11:33:52,325 | INFO | [485/503] Fetching WM
2025-10-30 11:33:54,118 | INFO | [486/503] Fetching WAT
2025-10-30 11:33:55,911 | INFO | [487/503] Fetching WEC
2025-10-30 11:33:57,761 | INFO | [488/503] Fetching WFC
2025-10-30 11:33:59,597 | INFO | [489/503] Fetching WELL
2025-10-30 11:34:01,360 | INFO | [490/503] Fetching WST
2025-10-30 11:34:03,258 | INFO | [491/503] Fetching WDC
2025-10-30 11:34:05,077 | INFO | [492/503] Fetching WY
2025-10-30 11:34:06,874 | INFO | [493/503] Fetching WSM
2025-10-30 11:34:08,611 | INFO | [494/503] Fetching WMB
2025-10-30 11:34:10,314 | INFO | [495/503] Fetching WTW
2025-10-30 11:34:12,096 | INFO | [496/503] Fetching WDAY
2025-10-30 11:34:13,839 | INFO | [497/503] Fetching WYNN
2025-10-30 11:34:15,586 | INFO | [498/503] Fetching XEL
2025-10-30 11:34:17,417 | INFO | [499/503] Fetching XYL
2025-10-30 11:34:19,166 | INFO | [500/503] Fetching YUM
2025-10-30 11:34:20,876 | INFO | [501/503] Fetching ZBRA
2025-10-30 11:34:22,596 | INFO | [502/503] Fetching ZBH
2025-10-30 11:34:24,331 | INFO | [503/503] Fetching ZTS
2025-10-30 11:34:26,229 | INFO | SUCCESS: All 503 profiles saved to:
   C:\github\Bootcamp-Final-Project\python\sp500_finnhub_profiles.json
2025-10-30 11:42:35,544 | ERROR | No JSON file found!
2025-10-30 11:43:01,222 | ERROR | No JSON file found!
2025-10-30 11:43:28,114 | INFO | Loading data from: C:\github\Bootcamp-Final-Project\python\sp500_finnhub_profiles.json
2025-10-30 11:43:28,118 | INFO | Loaded 503 company profiles
2025-10-30 11:43:28,245 | INFO | Table sp500_finnhub ready
2025-10-30 11:43:28,274 | INFO | Committed 50 records...
2025-10-30 11:43:28,291 | WARNING | Skipping empty profile: COR
2025-10-30 11:43:28,294 | INFO | Committed 100 records...
2025-10-30 11:43:28,302 | WARNING | Skipping empty profile: CEG
2025-10-30 11:43:28,303 | WARNING | Skipping empty profile: COO
2025-10-30 11:43:28,303 | WARNING | Skipping empty profile: CPRT
2025-10-30 11:43:28,315 | INFO | Committed 150 records...
2025-10-30 11:43:28,329 | WARNING | Skipping empty profile: FIS
2025-10-30 11:43:28,330 | WARNING | Skipping empty profile: FITB
2025-10-30 11:43:28,335 | INFO | Committed 200 records...
2025-10-30 11:43:28,340 | WARNING | Skipping empty profile: GIS
2025-10-30 11:43:28,345 | WARNING | Skipping empty profile: HSIC
2025-10-30 11:43:28,348 | WARNING | Skipping empty profile: HST
2025-10-30 11:43:28,353 | WARNING | Skipping empty profile: ICE
2025-10-30 11:43:28,356 | WARNING | Skipping empty profile: INVH
2025-10-30 11:43:28,359 | INFO | Committed 250 records...
2025-10-30 11:43:28,361 | WARNING | Skipping empty profile: JCI
2025-10-30 11:43:28,362 | WARNING | Skipping empty profile: JPM
2025-10-30 11:43:28,363 | WARNING | Skipping empty profile: K
2025-10-30 11:43:28,363 | WARNING | Skipping empty profile: KVUE
2025-10-30 11:43:28,364 | WARNING | Skipping empty profile: KDP
2025-10-30 11:43:28,365 | WARNING | Skipping empty profile: KEY
2025-10-30 11:43:28,365 | WARNING | Skipping empty profile: KEYS
2025-10-30 11:43:28,382 | INFO | Committed 300 records...
2025-10-30 11:43:28,400 | INFO | Committed 350 records...
2025-10-30 11:43:28,406 | WARNING | Skipping empty profile: PTC
2025-10-30 11:43:28,420 | INFO | Committed 400 records...
2025-10-30 11:43:28,440 | INFO | Committed 450 records...
2025-10-30 11:43:28,442 | WARNING | Skipping empty profile: VTRS
2025-10-30 11:43:28,454 | INFO | SUCCESS: 483 records inserted/updated in PostgreSQL
2025-10-30 12:00:46,207 | ERROR | No JSON file found!
2025-10-30 12:02:33,510 | INFO | Loading from: C:\github\Bootcamp-Final-Project\python\sp500_finnhub_profiles.json
2025-10-30 12:02:33,513 | INFO | Loaded 503 profiles
2025-10-30 12:02:33,688 | INFO | Table sp500_finnhub_profile created with clear unit column names
2025-10-30 12:02:33,709 | INFO | Committed 50 rows
2025-10-30 12:02:33,726 | WARNING | Skipping empty: COR
2025-10-30 12:02:33,731 | INFO | Committed 100 rows
2025-10-30 12:02:33,740 | WARNING | Skipping empty: CEG
2025-10-30 12:02:33,740 | WARNING | Skipping empty: COO
2025-10-30 12:02:33,741 | WARNING | Skipping empty: CPRT
2025-10-30 12:02:33,754 | INFO | Committed 150 rows
2025-10-30 12:02:33,769 | WARNING | Skipping empty: FIS
2025-10-30 12:02:33,770 | WARNING | Skipping empty: FITB
2025-10-30 12:02:33,774 | INFO | Committed 200 rows
2025-10-30 12:02:33,778 | WARNING | Skipping empty: GIS
2025-10-30 12:02:33,783 | WARNING | Skipping empty: HSIC
2025-10-30 12:02:33,787 | WARNING | Skipping empty: HST
2025-10-30 12:02:33,793 | WARNING | Skipping empty: ICE
2025-10-30 12:02:33,796 | WARNING | Skipping empty: INVH
2025-10-30 12:02:33,798 | INFO | Committed 250 rows
2025-10-30 12:02:33,801 | WARNING | Skipping empty: JCI
2025-10-30 12:02:33,802 | WARNING | Skipping empty: JPM
2025-10-30 12:02:33,802 | WARNING | Skipping empty: K
2025-10-30 12:02:33,803 | WARNING | Skipping empty: KVUE
2025-10-30 12:02:33,803 | WARNING | Skipping empty: KDP
2025-10-30 12:02:33,804 | WARNING | Skipping empty: KEY
2025-10-30 12:02:33,805 | WARNING | Skipping empty: KEYS
2025-10-30 12:02:33,823 | INFO | Committed 300 rows
2025-10-30 12:02:33,842 | INFO | Committed 350 rows
2025-10-30 12:02:33,849 | WARNING | Skipping empty: PTC
2025-10-30 12:02:33,863 | INFO | Committed 400 rows
2025-10-30 12:02:33,881 | INFO | Committed 450 rows
2025-10-30 12:02:33,884 | WARNING | Skipping empty: VTRS
2025-10-30 12:02:33,896 | INFO | SUCCESS: 483 records loaded with clear column names
2025-10-30 12:05:54,188 | INFO | Loading from: C:\github\Bootcamp-Final-Project\python\sp500_finnhub_profiles.json
2025-10-30 12:05:54,192 | INFO | Loaded 503 profiles
2025-10-30 12:05:54,246 | INFO | Table sp500_finnhub_profile created with clear unit column names
2025-10-30 12:05:54,264 | INFO | Committed 50 rows
2025-10-30 12:05:54,277 | WARNING | Skipping empty: COR
2025-10-30 12:05:54,281 | INFO | Committed 100 rows
2025-10-30 12:05:54,288 | WARNING | Skipping empty: CEG
2025-10-30 12:05:54,289 | WARNING | Skipping empty: COO
2025-10-30 12:05:54,289 | WARNING | Skipping empty: CPRT
2025-10-30 12:05:54,300 | INFO | Committed 150 rows
2025-10-30 12:05:54,313 | WARNING | Skipping empty: FIS
2025-10-30 12:05:54,313 | WARNING | Skipping empty: FITB
2025-10-30 12:05:54,317 | INFO | Committed 200 rows
2025-10-30 12:05:54,321 | WARNING | Skipping empty: GIS
2025-10-30 12:05:54,326 | WARNING | Skipping empty: HSIC
2025-10-30 12:05:54,329 | WARNING | Skipping empty: HST
2025-10-30 12:05:54,333 | WARNING | Skipping empty: ICE
2025-10-30 12:05:54,337 | WARNING | Skipping empty: INVH
2025-10-30 12:05:54,339 | INFO | Committed 250 rows
2025-10-30 12:05:54,341 | WARNING | Skipping empty: JCI
2025-10-30 12:05:54,341 | WARNING | Skipping empty: JPM
2025-10-30 12:05:54,342 | WARNING | Skipping empty: K
2025-10-30 12:05:54,342 | WARNING | Skipping empty: KVUE
2025-10-30 12:05:54,343 | WARNING | Skipping empty: KDP
2025-10-30 12:05:54,343 | WARNING | Skipping empty: KEY
2025-10-30 12:05:54,343 | WARNING | Skipping empty: KEYS
2025-10-30 12:05:54,359 | INFO | Committed 300 rows
2025-10-30 12:05:54,372 | INFO | Committed 350 rows
2025-10-30 12:05:54,376 | WARNING | Skipping empty: PTC
2025-10-30 12:05:54,384 | INFO | Committed 400 rows
2025-10-30 12:05:54,396 | INFO | Committed 450 rows
2025-10-30 12:05:54,397 | WARNING | Skipping empty: VTRS
2025-10-30 12:05:54,405 | INFO | SUCCESS: 483 records loaded with clear column names
2025-10-30 12:18:56,512 | INFO | Loading from: C:\github\Bootcamp-Final-Project\python\sp500_finnhub_profiles.json
2025-10-30 12:18:56,520 | INFO | Loaded 503 profiles
2025-10-30 12:18:56,656 | INFO | Table sp500_finnhub_profile created with clear unit column names
2025-10-30 12:18:56,690 | INFO | Committed 50 rows
2025-10-30 12:18:56,711 | WARNING | Skipping empty: COR
2025-10-30 12:18:56,718 | INFO | Committed 100 rows
2025-10-30 12:18:56,727 | WARNING | Skipping empty: CEG
2025-10-30 12:18:56,728 | WARNING | Skipping empty: COO
2025-10-30 12:18:56,729 | WARNING | Skipping empty: CPRT
2025-10-30 12:18:56,750 | INFO | Committed 150 rows
2025-10-30 12:19:16,014 | INFO | Loading from: C:\github\Bootcamp-Final-Project\python\sp500_finnhub_profiles.json
2025-10-30 12:19:16,022 | INFO | Loaded 503 profiles
2025-10-30 12:19:16,126 | INFO | Table sp500_finnhub_profile created with clear unit column names
2025-10-30 12:19:16,178 | INFO | Committed 50 rows
2025-10-30 12:19:16,217 | WARNING | Skipping empty: COR
2025-10-30 12:19:16,226 | INFO | Committed 100 rows
2025-10-30 12:19:16,246 | WARNING | Skipping empty: CEG
2025-10-30 12:19:16,247 | WARNING | Skipping empty: COO
2025-10-30 12:19:16,248 | WARNING | Skipping empty: CPRT
2025-10-30 12:19:16,277 | INFO | Committed 150 rows
2025-10-30 12:19:16,313 | WARNING | Skipping empty: FIS
2025-10-30 12:19:16,315 | WARNING | Skipping empty: FITB
2025-10-30 12:19:16,326 | INFO | Committed 200 rows
2025-10-30 12:19:16,335 | WARNING | Skipping empty: GIS
2025-10-30 12:19:16,348 | WARNING | Skipping empty: HSIC
2025-10-30 12:19:16,355 | WARNING | Skipping empty: HST
2025-10-30 12:19:16,368 | WARNING | Skipping empty: ICE
2025-10-30 12:19:16,374 | WARNING | Skipping empty: INVH
2025-10-30 12:19:16,380 | INFO | Committed 250 rows
2025-10-30 12:19:16,385 | WARNING | Skipping empty: JCI
2025-10-30 12:19:16,386 | WARNING | Skipping empty: JPM
2025-10-30 12:19:16,387 | WARNING | Skipping empty: K
2025-10-30 12:19:16,389 | WARNING | Skipping empty: KVUE
2025-10-30 12:19:16,389 | WARNING | Skipping empty: KDP
2025-10-30 12:19:16,391 | WARNING | Skipping empty: KEY
2025-10-30 12:19:16,392 | WARNING | Skipping empty: KEYS
2025-10-30 12:19:16,429 | INFO | Committed 300 rows
2025-10-30 12:19:16,472 | INFO | Committed 350 rows
2025-10-30 12:19:16,484 | WARNING | Skipping empty: PTC
2025-10-30 12:19:16,513 | INFO | Committed 400 rows
2025-10-30 12:19:16,559 | INFO | Committed 450 rows
2025-10-30 12:19:16,564 | WARNING | Skipping empty: VTRS
2025-10-30 12:19:16,592 | INFO | SUCCESS: 483 records loaded with clear column names
2025-10-30 12:33:05,276 | INFO | Loaded 503 profiles from C:\github\Bootcamp-Final-Project\python\sp500_finnhub_profiles.json
2025-10-30 12:33:05,278 | INFO | Found 20 failures: ['COR', 'CEG', 'COO', 'CPRT', 'FIS', 'FITB', 'GIS', 'HSIC', 'HST', 'ICE', 'INVH', 'JCI', 'JPM', 'K', 'KVUE', 'KDP', 'KEY', 'KEYS', 'PTC', 'VTRS']
2025-10-30 12:33:05,280 | INFO | Saved failures to failed_finnhub_profiles.txt
2025-10-30 12:33:05,282 | INFO | Refetching COR
2025-10-30 12:33:06,487 | INFO | Success: COR → Cencora Inc
2025-10-30 12:33:07,589 | INFO | Refetching CEG
2025-10-30 12:33:08,540 | INFO | Success: CEG → Constellation Energy Corp
2025-10-30 12:33:09,642 | INFO | Refetching COO
2025-10-30 12:33:10,586 | INFO | Success: COO → Cooper Companies Inc
2025-10-30 12:33:11,688 | INFO | Refetching CPRT
2025-10-30 12:33:12,626 | INFO | Success: CPRT → Copart Inc
2025-10-30 12:33:13,729 | INFO | Refetching FIS
2025-10-30 12:33:14,646 | INFO | Success: FIS → Fidelity National Information Services Inc
2025-10-30 12:33:15,748 | INFO | Refetching FITB
2025-10-30 12:33:16,583 | INFO | Success: FITB → Fifth Third Bancorp
2025-10-30 12:33:17,686 | INFO | Refetching GIS
2025-10-30 12:33:18,569 | INFO | Success: GIS → General Mills Inc
2025-10-30 12:33:19,671 | INFO | Refetching HSIC
2025-10-30 12:33:20,978 | INFO | Success: HSIC → Henry Schein Inc
2025-10-30 12:33:22,081 | INFO | Refetching HST
2025-10-30 12:33:22,971 | INFO | Success: HST → Host Hotels & Resorts Inc
2025-10-30 12:33:24,073 | INFO | Refetching ICE
2025-10-30 12:33:25,023 | INFO | Success: ICE → Intercontinental Exchange Inc
2025-10-30 12:33:26,126 | INFO | Refetching INVH
2025-10-30 12:33:27,083 | INFO | Success: INVH → Invitation Homes Inc
2025-10-30 12:33:28,185 | INFO | Refetching JCI
2025-10-30 12:33:29,054 | INFO | Success: JCI → Johnson Controls International PLC
2025-10-30 12:33:30,157 | INFO | Refetching JPM
2025-10-30 12:33:31,072 | INFO | Success: JPM → JPMorgan Chase & Co
2025-10-30 12:33:32,174 | INFO | Refetching K
2025-10-30 12:33:33,213 | INFO | Success: K → Kellanova
2025-10-30 12:33:34,314 | INFO | Refetching KVUE
2025-10-30 12:33:35,236 | INFO | Success: KVUE → Kenvue Inc
2025-10-30 12:33:36,338 | INFO | Refetching KDP
2025-10-30 12:33:37,257 | INFO | Success: KDP → Keurig Dr Pepper Inc
2025-10-30 12:33:38,360 | INFO | Refetching KEY
2025-10-30 12:33:39,204 | INFO | Success: KEY → KeyCorp
2025-10-30 12:33:40,306 | INFO | Refetching KEYS
2025-10-30 12:33:41,102 | INFO | Success: KEYS → Keysight Technologies Inc
2025-10-30 12:33:42,204 | INFO | Refetching PTC
2025-10-30 12:33:43,083 | INFO | Success: PTC → PTC Inc
2025-10-30 12:33:44,185 | INFO | Refetching VTRS
2025-10-30 12:33:44,996 | INFO | Success: VTRS → Viatris Inc
2025-10-30 12:33:46,115 | INFO | Updated JSON with 20 new profiles
2025-10-30 12:33:46,620 | INFO | Re-loaded all data to PostgreSQL
2025-10-30 12:33:46,621 | INFO | Refetch complete! Check failed_symbols.txt for any remaining issues.
